Compiling the C compiler identification source file "CMakeCCompilerId.c" failed.
Compiler: /opt/datai/wicc-wasm-cdt/build/bin/wasm-cc 
Build flags: ;-O3;
Id flags:  

The output was:
255
/opt/datai/wicc-wasm-cdt/build/bin/wasm-ld: error: cannot open /tmp/CMakeCCompilerId.c.o: No such file or directory


Compiling the CXX compiler identification source file "CMakeCXXCompilerId.cpp" failed.
Compiler: /opt/datai/wicc-wasm-cdt/build/bin/wasm-cpp 
Build flags: ;-O3;
Id flags:  

The output was:
255
/opt/datai/wicc-wasm-cdt/build/bin/wasm-ld: error: duplicate symbol: main(int, char**)
>>> defined in /tmp/CMakeCXXCompilerId.cpp.o
>>> defined in /tmp/CMakeCXXCompilerId.cpp.o

/opt/datai/wicc-wasm-cdt/build/bin/wasm-ld: error: duplicate symbol: info_platform
>>> defined in /tmp/CMakeCXXCompilerId.cpp.o
>>> defined in /tmp/CMakeCXXCompilerId.cpp.o

/opt/datai/wicc-wasm-cdt/build/bin/wasm-ld: error: duplicate symbol: info_compiler
>>> defined in /tmp/CMakeCXXCompilerId.cpp.o
>>> defined in /tmp/CMakeCXXCompilerId.cpp.o

/opt/datai/wicc-wasm-cdt/build/bin/wasm-ld: error: duplicate symbol: info_language_dialect_default
>>> defined in /tmp/CMakeCXXCompilerId.cpp.o
>>> defined in /tmp/CMakeCXXCompilerId.cpp.o

/opt/datai/wicc-wasm-cdt/build/bin/wasm-ld: error: duplicate symbol: info_arch
>>> defined in /tmp/CMakeCXXCompilerId.cpp.o
>>> defined in /tmp/CMakeCXXCompilerId.cpp.o


Detecting C compiler ABI info failed to compile with the following output:
Change Dir: /opt/datai/wicc-wasm-cdt/examples/token_db/build/token/CMakeFiles/CMakeTmp

Run Build Command:"/usr/bin/make" "cmTC_df318/fast"
make[3]: Entering directory '/opt/datai/wicc-wasm-cdt/examples/token_db/build/token/CMakeFiles/CMakeTmp'
/usr/bin/make -f CMakeFiles/cmTC_df318.dir/build.make CMakeFiles/cmTC_df318.dir/build
make[4]: Entering directory '/opt/datai/wicc-wasm-cdt/examples/token_db/build/token/CMakeFiles/CMakeTmp'
Building C object CMakeFiles/cmTC_df318.dir/CMakeCCompilerABI.c.obj
/opt/datai/wicc-wasm-cdt/build/bin/wasm-cc    -o CMakeFiles/cmTC_df318.dir/CMakeCCompilerABI.c.obj   -c /usr/share/cmake-3.10/Modules/CMakeCCompilerABI.c
Linking C executable cmTC_df318.wasm
/usr/bin/cmake -E cmake_link_script CMakeFiles/cmTC_df318.dir/link.txt --verbose=1
/opt/datai/wicc-wasm-cdt/build/bin/wasm-lld  -v CMakeFiles/cmTC_df318.dir/CMakeCCompilerABI.c.obj -o cmTC_df318.wasm 
wasm-lld: Unknown command line argument '-v'.  Try: '/opt/datai/wicc-wasm-cdt/build/bin/wasm-lld -help'
wasm-lld: Did you mean '-L'?
CMakeFiles/cmTC_df318.dir/build.make:97: recipe for target 'cmTC_df318.wasm' failed
make[4]: *** [cmTC_df318.wasm] Error 1
make[4]: Leaving directory '/opt/datai/wicc-wasm-cdt/examples/token_db/build/token/CMakeFiles/CMakeTmp'
Makefile:126: recipe for target 'cmTC_df318/fast' failed
make[3]: *** [cmTC_df318/fast] Error 2
make[3]: Leaving directory '/opt/datai/wicc-wasm-cdt/examples/token_db/build/token/CMakeFiles/CMakeTmp'



Detecting C [-std=c11] compiler features failed to compile with the following output:
Change Dir: /opt/datai/wicc-wasm-cdt/examples/token_db/build/token/CMakeFiles/CMakeTmp

Run Build Command:"/usr/bin/make" "cmTC_58e28/fast"
make[3]: Entering directory '/opt/datai/wicc-wasm-cdt/examples/token_db/build/token/CMakeFiles/CMakeTmp'
/usr/bin/make -f CMakeFiles/cmTC_58e28.dir/build.make CMakeFiles/cmTC_58e28.dir/build
make[4]: Entering directory '/opt/datai/wicc-wasm-cdt/examples/token_db/build/token/CMakeFiles/CMakeTmp'
Building C object CMakeFiles/cmTC_58e28.dir/feature_tests.c.obj
/opt/datai/wicc-wasm-cdt/build/bin/wasm-cc   -std=c11 -o CMakeFiles/cmTC_58e28.dir/feature_tests.c.obj   -c /opt/datai/wicc-wasm-cdt/examples/token_db/build/token/CMakeFiles/feature_tests.c
wasm-cc: Unknown command line argument '-std=c11'.  Try: '/opt/datai/wicc-wasm-cdt/build/bin/wasm-cc -help'
wasm-cc: Did you mean '-dD=c11'?
CMakeFiles/cmTC_58e28.dir/build.make:65: recipe for target 'CMakeFiles/cmTC_58e28.dir/feature_tests.c.obj' failed
make[4]: *** [CMakeFiles/cmTC_58e28.dir/feature_tests.c.obj] Error 1
make[4]: Leaving directory '/opt/datai/wicc-wasm-cdt/examples/token_db/build/token/CMakeFiles/CMakeTmp'
Makefile:126: recipe for target 'cmTC_58e28/fast' failed
make[3]: *** [cmTC_58e28/fast] Error 2
make[3]: Leaving directory '/opt/datai/wicc-wasm-cdt/examples/token_db/build/token/CMakeFiles/CMakeTmp'



Detecting CXX compiler ABI info failed to compile with the following output:
Change Dir: /opt/datai/wicc-wasm-cdt/examples/token_db/build/token/CMakeFiles/CMakeTmp

Run Build Command:"/usr/bin/make" "cmTC_67511/fast"
make[3]: Entering directory '/opt/datai/wicc-wasm-cdt/examples/token_db/build/token/CMakeFiles/CMakeTmp'
/usr/bin/make -f CMakeFiles/cmTC_67511.dir/build.make CMakeFiles/cmTC_67511.dir/build
make[4]: Entering directory '/opt/datai/wicc-wasm-cdt/examples/token_db/build/token/CMakeFiles/CMakeTmp'
Building CXX object CMakeFiles/cmTC_67511.dir/CMakeCXXCompilerABI.cpp.obj
/opt/datai/wicc-wasm-cdt/build/bin/wasm-cpp     -o CMakeFiles/cmTC_67511.dir/CMakeCXXCompilerABI.cpp.obj -c /usr/share/cmake-3.10/Modules/CMakeCXXCompilerABI.cpp
Linking CXX executable cmTC_67511.wasm
/usr/bin/cmake -E cmake_link_script CMakeFiles/cmTC_67511.dir/link.txt --verbose=1
/opt/datai/wicc-wasm-cdt/build/bin/wasm-lld  -v CMakeFiles/cmTC_67511.dir/CMakeCXXCompilerABI.cpp.obj -o cmTC_67511.wasm 
wasm-lld: Unknown command line argument '-v'.  Try: '/opt/datai/wicc-wasm-cdt/build/bin/wasm-lld -help'
wasm-lld: Did you mean '-L'?
CMakeFiles/cmTC_67511.dir/build.make:97: recipe for target 'cmTC_67511.wasm' failed
make[4]: *** [cmTC_67511.wasm] Error 1
make[4]: Leaving directory '/opt/datai/wicc-wasm-cdt/examples/token_db/build/token/CMakeFiles/CMakeTmp'
Makefile:126: recipe for target 'cmTC_67511/fast' failed
make[3]: *** [cmTC_67511/fast] Error 2
make[3]: Leaving directory '/opt/datai/wicc-wasm-cdt/examples/token_db/build/token/CMakeFiles/CMakeTmp'



Detecting CXX [-std=c++1z] compiler features failed to compile with the following output:
Change Dir: /opt/datai/wicc-wasm-cdt/examples/token_db/build/token/CMakeFiles/CMakeTmp

Run Build Command:"/usr/bin/make" "cmTC_90c48/fast"
make[3]: Entering directory '/opt/datai/wicc-wasm-cdt/examples/token_db/build/token/CMakeFiles/CMakeTmp'
/usr/bin/make -f CMakeFiles/cmTC_90c48.dir/build.make CMakeFiles/cmTC_90c48.dir/build
make[4]: Entering directory '/opt/datai/wicc-wasm-cdt/examples/token_db/build/token/CMakeFiles/CMakeTmp'
Building CXX object CMakeFiles/cmTC_90c48.dir/feature_tests.cxx.obj
/opt/datai/wicc-wasm-cdt/build/bin/wasm-cpp    -std=c++1z -o CMakeFiles/cmTC_90c48.dir/feature_tests.cxx.obj -c /opt/datai/wicc-wasm-cdt/examples/token_db/build/token/CMakeFiles/feature_tests.cxx
Linking CXX executable cmTC_90c48.wasm
/usr/bin/cmake -E cmake_link_script CMakeFiles/cmTC_90c48.dir/link.txt --verbose=1
/opt/datai/wicc-wasm-cdt/build/bin/wasm-lld   CMakeFiles/cmTC_90c48.dir/feature_tests.cxx.obj -o cmTC_90c48.wasm 
/opt/datai/wicc-wasm-cdt/build/bin/wasm-ld: error: fatal failure: contract with no actions and trying to create dispatcher
CMakeFiles/cmTC_90c48.dir/build.make:97: recipe for target 'cmTC_90c48.wasm' failed
make[4]: *** [cmTC_90c48.wasm] Error 255
make[4]: Leaving directory '/opt/datai/wicc-wasm-cdt/examples/token_db/build/token/CMakeFiles/CMakeTmp'
Makefile:126: recipe for target 'cmTC_90c48/fast' failed
make[3]: *** [cmTC_90c48/fast] Error 2
make[3]: Leaving directory '/opt/datai/wicc-wasm-cdt/examples/token_db/build/token/CMakeFiles/CMakeTmp'



